<?xml version="1.0" encoding="UTF-8"?>
<!-- Generated by org.testng.reporters.JUnitReportReporter -->
<testsuite hostname="DESKTOP-60BK8KE" failures="0" tests="1" name="nnn.Nnn" time="0.026" errors="0" timestamp="2022-09-18T17:23:30 IST" skipped="0">
  <testcase classname="nnn.Nnn" name="nn" time="0.026"/>
  <system-out/>
</testsuite> <!-- nnn.Nnn -->
